CREATE TABLE "auth_permission" ("id" integer NOT NULL PRIMARY KEY AUTOINCREMENT, "name" varchar(255) NOT NULL, "content_type_id" integer NOT NULL REFERENCES "django_content_type" ("id") DEFERRABLE INITIALLY DEFERRED, "codename" varchar(100) NOT NULL); (params None)
CREATE TABLE "auth_group" ("id" integer NOT NULL PRIMARY KEY AUTOINCREMENT, "name" varchar(150) NOT NULL UNIQUE); (params None)
CREATE TABLE "auth_group_permissions" ("id" integer NOT NULL PRIMARY KEY AUTOINCREMENT, "group_id" integer NOT NULL REFERENCES "auth_group" ("id") DEFERRABLE INITIALLY DEFERRED, "permission_id" integer NOT NULL REFERENCES "auth_permission" ("id") DEFERRABLE INITIALLY DEFERRED); (params None)
CREATE TABLE "auth_user" ("id" integer NOT NULL PRIMARY KEY AUTOINCREMENT, "password" varchar(128) NOT NULL, "last_login" datetime NULL, "is_superuser" bool NOT NULL, "username" varchar(150) NOT NULL UNIQUE, "first_name" varchar(150) NOT NULL, "last_name" varchar(150) NOT NULL, "email" varchar(254) NOT NULL, "is_staff" bool NOT NULL, "is_active" bool NOT NULL, "date_joined" datetime NOT NULL); (params None)
CREATE TABLE "auth_user_groups" ("id" integer NOT NULL PRIMARY KEY AUTOINCREMENT, "user_id" integer NOT NULL REFERENCES "auth_user" ("id") DEFERRABLE INITIALLY DEFERRED, "group_id" integer NOT NULL REFERENCES "auth_group" ("id") DEFERRABLE INITIALLY DEFERRED); (params None)
CREATE TABLE "auth_user_user_permissions" ("id" integer NOT NULL PRIMARY KEY AUTOINCREMENT, "user_id" integer NOT NULL REFERENCES "auth_user" ("id") DEFERRABLE INITIALLY DEFERRED, "permission_id" integer NOT NULL REFERENCES "auth_permission" ("id") DEFERRABLE INITIALLY DEFERRED); (params None)
CREATE TABLE "django_content_type" ("id" integer NOT NULL PRIMARY KEY AUTOINCREMENT, "app_label" varchar(100) NOT NULL, "model" varchar(100) NOT NULL); (params None)
CREATE TABLE "guardian_userobjectpermission" ("id" integer NOT NULL PRIMARY KEY AUTOINCREMENT, "permission_id" integer NOT NULL REFERENCES "auth_permission" ("id") DEFERRABLE INITIALLY DEFERRED, "content_type_id" integer NOT NULL REFERENCES "django_content_type" ("id") DEFERRABLE INITIALLY DEFERRED, "object_pk" varchar(255) NOT NULL, "user_id" integer NOT NULL REFERENCES "auth_user" ("id") DEFERRABLE INITIALLY DEFERRED); (params None)
CREATE TABLE "guardian_groupobjectpermission" ("id" integer NOT NULL PRIMARY KEY AUTOINCREMENT, "permission_id" integer NOT NULL REFERENCES "auth_permission" ("id") DEFERRABLE INITIALLY DEFERRED, "content_type_id" integer NOT NULL REFERENCES "django_content_type" ("id") DEFERRABLE INITIALLY DEFERRED, "object_pk" varchar(255) NOT NULL, "group_id" integer NOT NULL REFERENCES "auth_group" ("id") DEFERRABLE INITIALLY DEFERRED); (params None)
CREATE TABLE "oauth2_provider_application" ("id" integer NOT NULL PRIMARY KEY AUTOINCREMENT, "client_id" varchar(100) NOT NULL UNIQUE, "user_id" integer NULL REFERENCES "auth_user" ("id") DEFERRABLE INITIALLY DEFERRED, "redirect_uris" text NOT NULL, "client_type" varchar(32) NOT NULL, "authorization_grant_type" varchar(32) NOT NULL, "client_secret" varchar(255) NOT NULL, "name" varchar(255) NOT NULL, "skip_authorization" bool NOT NULL, "created" datetime NOT NULL, "updated" datetime NOT NULL, "algorithm" varchar(5) NOT NULL); (params None)
CREATE TABLE "oauth2_provider_grant" ("id" integer NOT NULL PRIMARY KEY AUTOINCREMENT, "user_id" integer NOT NULL REFERENCES "auth_user" ("id") DEFERRABLE INITIALLY DEFERRED, "code" varchar(255) NOT NULL UNIQUE, "application_id" bigint NOT NULL REFERENCES "oauth2_provider_application" ("id") DEFERRABLE INITIALLY DEFERRED, "expires" datetime NOT NULL, "redirect_uri" text NOT NULL, "scope" text NOT NULL, "created" datetime NOT NULL, "updated" datetime NOT NULL, "code_challenge" varchar(128) NOT NULL, "code_challenge_method" varchar(10) NOT NULL, "nonce" varchar(255) NOT NULL, "claims" text NOT NULL); (params None)
CREATE TABLE "oauth2_provider_accesstoken" ("id" integer NOT NULL PRIMARY KEY AUTOINCREMENT, "user_id" integer NULL REFERENCES "auth_user" ("id") DEFERRABLE INITIALLY DEFERRED, "source_refresh_token_id" bigint NULL UNIQUE REFERENCES "oauth2_provider_refreshtoken" ("id") DEFERRABLE INITIALLY DEFERRED, "token" varchar(255) NOT NULL UNIQUE, "id_token_id" bigint NULL UNIQUE REFERENCES "oauth2_provider_idtoken" ("id") DEFERRABLE INITIALLY DEFERRED, "application_id" bigint NULL REFERENCES "oauth2_provider_application" ("id") DEFERRABLE INITIALLY DEFERRED, "expires" datetime NOT NULL, "scope" text NOT NULL, "created" datetime NOT NULL, "updated" datetime NOT NULL); (params None)
CREATE TABLE "oauth2_provider_refreshtoken" ("id" integer NOT NULL PRIMARY KEY AUTOINCREMENT, "user_id" integer NOT NULL REFERENCES "auth_user" ("id") DEFERRABLE INITIALLY DEFERRED, "token" varchar(255) NOT NULL, "application_id" bigint NOT NULL REFERENCES "oauth2_provider_application" ("id") DEFERRABLE INITIALLY DEFERRED, "access_token_id" bigint NULL UNIQUE REFERENCES "oauth2_provider_accesstoken" ("id") DEFERRABLE INITIALLY DEFERRED, "created" datetime NOT NULL, "updated" datetime NOT NULL, "revoked" datetime NULL); (params None)
CREATE TABLE "oauth2_provider_idtoken" ("id" integer NOT NULL PRIMARY KEY AUTOINCREMENT, "user_id" integer NULL REFERENCES "auth_user" ("id") DEFERRABLE INITIALLY DEFERRED, "jti" char(32) NOT NULL UNIQUE, "application_id" bigint NULL REFERENCES "oauth2_provider_application" ("id") DEFERRABLE INITIALLY DEFERRED, "expires" datetime NOT NULL, "scope" text NOT NULL, "created" datetime NOT NULL, "updated" datetime NOT NULL); (params None)
CREATE TABLE "bulk_index_queue" ("resourceinstanceid" char(32) NOT NULL PRIMARY KEY, "createddate" datetime NOT NULL); (params None)
CREATE TABLE "cards" ("cardid" char(32) NOT NULL PRIMARY KEY, "name" text NULL CHECK ((JSON_VALID("name") OR "name" IS NULL)), "description" text NULL CHECK ((JSON_VALID("description") OR "description" IS NULL)), "instructions" text NULL CHECK ((JSON_VALID("instructions") OR "instructions" IS NULL)), "cssclass" text NULL, "helpenabled" bool NOT NULL, "helptitle" text NULL CHECK ((JSON_VALID("helptitle") OR "helptitle" IS NULL)), "helptext" text NULL CHECK ((JSON_VALID("helptext") OR "helptext" IS NULL)), "nodegroupid" char(32) NOT NULL REFERENCES "node_groups" ("nodegroupid") DEFERRABLE INITIALLY DEFERRED, "graphid" char(32) NOT NULL REFERENCES "graphs" ("graphid") DEFERRABLE INITIALLY DEFERRED, "active" bool NOT NULL, "visible" bool NOT NULL, "sortorder" integer NULL, "componentid" char(32) NOT NULL REFERENCES "card_components" ("componentid") DEFERRABLE INITIALLY DEFERRED, "config" text NULL CHECK ((JSON_VALID("config") OR "config" IS NULL))); (params None)
CREATE TABLE "card_constraints" ("constraintid" char(32) NOT NULL PRIMARY KEY, "uniquetoallinstances" bool NOT NULL, "cardid" char(32) NOT NULL REFERENCES "cards" ("cardid") DEFERRABLE INITIALLY DEFERRED); (params None)
CREATE TABLE "constraints_x_nodes" ("id" char(32) NOT NULL PRIMARY KEY, "constraintid" char(32) NOT NULL REFERENCES "card_constraints" ("constraintid") DEFERRABLE INITIALLY DEFERRED, "nodeid" char(32) NOT NULL REFERENCES "nodes" ("nodeid") DEFERRABLE INITIALLY DEFERRED); (params None)
CREATE TABLE "card_components" ("componentid" char(32) NOT NULL PRIMARY KEY, "name" text NULL, "description" text NULL, "component" text NOT NULL, "componentname" text NOT NULL, "defaultconfig" text NULL CHECK ((JSON_VALID("defaultconfig") OR "defaultconfig" IS NULL))); (params None)
CREATE TABLE "cards_x_nodes_x_widgets" ("id" char(32) NOT NULL PRIMARY KEY, "nodeid" char(32) NOT NULL REFERENCES "nodes" ("nodeid") DEFERRABLE INITIALLY DEFERRED, "cardid" char(32) NOT NULL REFERENCES "cards" ("cardid") DEFERRABLE INITIALLY DEFERRED, "widgetid" char(32) NOT NULL REFERENCES "widgets" ("widgetid") DEFERRABLE INITIALLY DEFERRED, "config" text NULL CHECK ((JSON_VALID("config") OR "config" IS NULL)), "label" text NULL CHECK ((JSON_VALID("label") OR "label" IS NULL)), "visible" bool NOT NULL, "sortorder" integer NULL); (params None)
CREATE TABLE "concepts" ("conceptid" char(32) NOT NULL PRIMARY KEY, "nodetype" text NOT NULL REFERENCES "d_node_types" ("nodetype") DEFERRABLE INITIALLY DEFERRED, "legacyoid" text NOT NULL UNIQUE); (params None)
CREATE TABLE "d_data_types" ("datatype" text NOT NULL PRIMARY KEY, "iconclass" text NOT NULL, "modulename" text NULL, "classname" text NULL, "defaultwidget" char(32) NULL REFERENCES "widgets" ("widgetid") DEFERRABLE INITIALLY DEFERRED, "defaultconfig" text NULL CHECK ((JSON_VALID("defaultconfig") OR "defaultconfig" IS NULL)), "configcomponent" text NULL, "configname" text NULL, "issearchable" bool NULL, "isgeometric" bool NOT NULL); (params None)
CREATE TABLE "d_node_types" ("nodetype" text NOT NULL PRIMARY KEY, "namespace" text NOT NULL); (params None)
CREATE TABLE "d_relation_types" ("relationtype" text NOT NULL PRIMARY KEY, "category" text NOT NULL, "namespace" text NOT NULL); (params None)
CREATE TABLE "d_value_types" ("valuetype" text NOT NULL PRIMARY KEY, "category" text NULL, "description" text NULL, "namespace" text NOT NULL, "datatype" text NULL); (params None)
CREATE TABLE "edges" ("edgeid" char(32) NOT NULL PRIMARY KEY, "name" text NULL, "description" text NULL, "ontologyproperty" text NULL, "domainnodeid" char(32) NOT NULL REFERENCES "nodes" ("nodeid") DEFERRABLE INITIALLY DEFERRED, "rangenodeid" char(32) NOT NULL REFERENCES "nodes" ("nodeid") DEFERRABLE INITIALLY DEFERRED, "graphid" char(32) NULL REFERENCES "graphs" ("graphid") DEFERRABLE INITIALLY DEFERRED); (params None)
CREATE TABLE "edit_log" ("editlogid" char(32) NOT NULL PRIMARY KEY, "transactionid" char(32) NOT NULL, "resourcedisplayname" text NULL, "resourceclassid" text NULL, "resourceinstanceid" text NULL, "nodegroupid" text NULL, "tileinstanceid" text NULL, "edittype" text NULL, "newvalue" text NULL CHECK ((JSON_VALID("newvalue") OR "newvalue" IS NULL)), "oldvalue" text NULL CHECK ((JSON_VALID("oldvalue") OR "oldvalue" IS NULL)), "newprovisionalvalue" text NULL CHECK ((JSON_VALID("newprovisionalvalue") OR "newprovisionalvalue" IS NULL)), "oldprovisionalvalue" text NULL CHECK ((JSON_VALID("oldprovisionalvalue") OR "oldprovisionalvalue" IS NULL)), "timestamp" datetime NULL, "userid" text NULL, "user_firstname" text NULL, "user_lastname" text NULL, "user_email" text NULL, "user_username" text NULL, "provisional_userid" text NULL, "provisional_user_username" text NULL, "provisional_edittype" text NULL, "note" text NULL); (params None)
CREATE TABLE "external_oauth_tokens" ("token_id" char(32) NOT NULL PRIMARY KEY, "userid" integer NOT NULL REFERENCES "auth_user" ("id") DEFERRABLE INITIALLY DEFERRED, "id_token" text NOT NULL, "access_token_expiration" datetime NOT NULL, "access_token" text NOT NULL, "refresh_token" text NULL, "created" datetime NOT NULL, "updated" datetime NOT NULL); (params None)
CREATE TABLE "resource_revision_log" ("logid" char(32) NOT NULL PRIMARY KEY, "resourceid" char(32) NOT NULL, "revisionid" text NOT NULL, "synctimestamp" datetime NOT NULL, "action" text NULL); (params None)
CREATE TABLE "files" ("fileid" char(32) NOT NULL PRIMARY KEY, "path" varchar(100) NOT NULL, "tileid" char(32) NULL REFERENCES "tiles" ("tileid") DEFERRABLE INITIALLY DEFERRED, "thumbnail_data" BLOB NULL); (params None)
CREATE TABLE "files_temporary" ("fileid" char(32) NOT NULL PRIMARY KEY, "path" varchar(100) NOT NULL, "created" datetime NOT NULL, "source" text NOT NULL); (params None)
CREATE TABLE "functions" ("functionid" char(32) NOT NULL PRIMARY KEY, "name" text NULL, "functiontype" text NULL, "description" text NULL, "defaultconfig" text NULL CHECK ((JSON_VALID("defaultconfig") OR "defaultconfig" IS NULL)), "modulename" text NULL, "classname" text NULL, "component" text NULL); (params None)
CREATE TABLE "functions_x_graphs" ("id" char(32) NOT NULL PRIMARY KEY, "functionid" char(32) NOT NULL REFERENCES "functions" ("functionid") DEFERRABLE INITIALLY DEFERRED, "graphid" char(32) NOT NULL REFERENCES "graphs" ("graphid") DEFERRABLE INITIALLY DEFERRED, "config" text NULL CHECK ((JSON_VALID("config") OR "config" IS NULL))); (params None)
CREATE TABLE "graphs" ("graphid" char(32) NOT NULL PRIMARY KEY, "name" text NULL CHECK ((JSON_VALID("name") OR "name" IS NULL)), "description" text NULL CHECK ((JSON_VALID("description") OR "description" IS NULL)), "deploymentfile" text NULL, "author" text NULL, "deploymentdate" datetime NULL, "version" text NULL, "isresource" bool NOT NULL, "iconclass" text NULL, "color" text NULL, "subtitle" text NULL CHECK ((JSON_VALID("subtitle") OR "subtitle" IS NULL)), "ontologyid" char(32) NULL REFERENCES "ontologies" ("ontologyid") DEFERRABLE INITIALLY DEFERRED, "jsonldcontext" text NULL, "templateid" char(32) NOT NULL REFERENCES "report_templates" ("templateid") DEFERRABLE INITIALLY DEFERRED, "config" text NOT NULL CHECK ((JSON_VALID("config") OR "config" IS NULL)), "slug" text NULL UNIQUE, "publicationid" char(32) NULL REFERENCES "graphs_x_published_graphs" ("publicationid") DEFERRABLE INITIALLY DEFERRED); (params None)
CREATE TABLE "graphs_x_published_graphs" ("publicationid" char(32) NOT NULL PRIMARY KEY, "notes" text NULL, "graphid" char(32) NOT NULL REFERENCES "graphs" ("graphid") DEFERRABLE INITIALLY DEFERRED, "userid" integer NULL REFERENCES "auth_user" ("id") DEFERRABLE INITIALLY DEFERRED, "published_time" datetime NOT NULL); (params None)
CREATE TABLE "icons" ("id" integer NOT NULL PRIMARY KEY AUTOINCREMENT, "name" text NULL, "cssclass" text NULL); (params None)
CREATE TABLE "languages" ("id" integer NOT NULL PRIMARY KEY AUTOINCREMENT, "code" text NOT NULL UNIQUE, "name" text NOT NULL, "default_direction" text NOT NULL, "scope" text NOT NULL, "isdefault" bool NOT NULL); (params None)
CREATE TABLE "node_groups" ("nodegroupid" char(32) NOT NULL PRIMARY KEY, "legacygroupid" text NULL, "cardinality" text NOT NULL, "parentnodegroupid" char(32) NULL REFERENCES "node_groups" ("nodegroupid") DEFERRABLE INITIALLY DEFERRED); (params None)
CREATE TABLE "nodes" ("nodeid" char(32) NOT NULL PRIMARY KEY, "name" text NOT NULL, "description" text NULL, "istopnode" bool NOT NULL, "ontologyclass" text NULL, "datatype" text NOT NULL, "nodegroupid" char(32) NULL REFERENCES "node_groups" ("nodegroupid") DEFERRABLE INITIALLY DEFERRED, "graphid" char(32) NULL REFERENCES "graphs" ("graphid") DEFERRABLE INITIALLY DEFERRED, "config" text NULL CHECK ((JSON_VALID("config") OR "config" IS NULL)), "issearchable" bool NOT NULL, "isrequired" bool NOT NULL, "sortorder" integer NULL, "fieldname" text NULL, "exportable" bool NULL, "alias" text NULL, "hascustomalias" bool NOT NULL, "sourcebranchpublicationid" char(32) NULL REFERENCES "graphs_x_published_graphs" ("publicationid") DEFERRABLE INITIALLY DEFERRED, CONSTRAINT "unique_nodename_nodegroup" UNIQUE ("name", "nodegroupid"), CONSTRAINT "unique_alias_graph" UNIQUE ("alias", "graphid")); (params None)
CREATE TABLE "ontologies" ("ontologyid" char(32) NOT NULL PRIMARY KEY, "name" text NOT NULL, "version" text NOT NULL, "path" text NULL, "namespaces" text NULL CHECK ((JSON_VALID("namespaces") OR "namespaces" IS NULL)), "parentontologyid" char(32) NULL REFERENCES "ontologies" ("ontologyid") DEFERRABLE INITIALLY DEFERRED); (params None)
CREATE TABLE "ontologyclasses" ("ontologyclassid" char(32) NOT NULL PRIMARY KEY, "source" text NOT NULL, "target" text NULL CHECK ((JSON_VALID("target") OR "target" IS NULL)), "ontologyid" char(32) NOT NULL REFERENCES "ontologies" ("ontologyid") DEFERRABLE INITIALLY DEFERRED); (params None)
CREATE TABLE "published_graphs" ("id" integer NOT NULL PRIMARY KEY AUTOINCREMENT, "languageid" text NULL REFERENCES "languages" ("code") DEFERRABLE INITIALLY DEFERRED, "publicationid" char(32) NOT NULL REFERENCES "graphs_x_published_graphs" ("publicationid") DEFERRABLE INITIALLY DEFERRED, "serialized_graph" text NULL CHECK ((JSON_VALID("serialized_graph") OR "serialized_graph" IS NULL))); (params None)
CREATE TABLE "relations" ("conceptidfrom" char(32) NOT NULL REFERENCES "concepts" ("conceptid") DEFERRABLE INITIALLY DEFERRED, "conceptidto" char(32) NOT NULL REFERENCES "concepts" ("conceptid") DEFERRABLE INITIALLY DEFERRED, "relationtype" text NOT NULL REFERENCES "d_relation_types" ("relationtype") DEFERRABLE INITIALLY DEFERRED, "relationid" char(32) NOT NULL PRIMARY KEY); (params None)
CREATE TABLE "report_templates" ("templateid" char(32) NOT NULL PRIMARY KEY, "preload_resource_data" bool NOT NULL, "name" text NULL, "description" text NULL, "component" text NOT NULL, "componentname" text NOT NULL, "defaultconfig" text NULL CHECK ((JSON_VALID("defaultconfig") OR "defaultconfig" IS NULL))); (params None)
CREATE TABLE "resource_2_resource_constraints" ("resource2resourceid" char(32) NOT NULL PRIMARY KEY, "resourceclassfrom" char(32) NULL REFERENCES "nodes" ("nodeid") DEFERRABLE INITIALLY DEFERRED, "resourceclassto" char(32) NULL REFERENCES "nodes" ("nodeid") DEFERRABLE INITIALLY DEFERRED); (params None)
CREATE TABLE "resource_x_resource" ("resourcexid" char(32) NOT NULL PRIMARY KEY, "resourceinstanceidfrom" char(32) NULL, "resourceinstancefrom_graphid" char(32) NULL, "resourceinstanceidto" char(32) NULL, "resourceinstanceto_graphid" char(32) NULL, "notes" text NULL, "relationshiptype" text NULL, "inverserelationshiptype" text NULL, "tileid" char(32) NULL REFERENCES "tiles" ("tileid") DEFERRABLE INITIALLY DEFERRED, "nodeid" char(32) NULL REFERENCES "nodes" ("nodeid") DEFERRABLE INITIALLY DEFERRED, "datestarted" date NULL, "dateended" date NULL, "created" datetime NOT NULL, "modified" datetime NOT NULL); (params None)
CREATE TABLE "resource_instances" ("resourceinstanceid" char(32) NOT NULL PRIMARY KEY, "graphid" char(32) NOT NULL REFERENCES "graphs" ("graphid") DEFERRABLE INITIALLY DEFERRED, "graphpublicationid" char(32) NULL REFERENCES "graphs_x_published_graphs" ("publicationid") DEFERRABLE INITIALLY DEFERRED, "name" text NULL CHECK ((JSON_VALID("name") OR "name" IS NULL)), "descriptors" text NULL CHECK ((JSON_VALID("descriptors") OR "descriptors" IS NULL)), "legacyid" text NULL UNIQUE, "createdtime" datetime NOT NULL, "principaluser_id" integer NULL REFERENCES "auth_user" ("id") DEFERRABLE INITIALLY DEFERRED); (params None)
CREATE TABLE "search_component" ("searchcomponentid" char(32) NOT NULL PRIMARY KEY, "name" text NOT NULL, "icon" text NOT NULL, "modulename" text NULL, "classname" text NULL, "type" text NOT NULL, "componentpath" text NULL UNIQUE, "componentname" text NOT NULL UNIQUE, "config" text NOT NULL CHECK ((JSON_VALID("config") OR "config" IS NULL))); (params None)
CREATE TABLE "search_export_history" ("searchexportid" char(32) NOT NULL PRIMARY KEY, "user_id" integer NOT NULL REFERENCES "auth_user" ("id") DEFERRABLE INITIALLY DEFERRED, "exporttime" datetime NOT NULL, "numberofinstances" integer NOT NULL, "url" text NOT NULL, "downloadfile" varchar(100) NULL); (params None)
CREATE TABLE "tiles" ("tileid" char(32) NOT NULL PRIMARY KEY, "resourceinstanceid" char(32) NOT NULL REFERENCES "resource_instances" ("resourceinstanceid") DEFERRABLE INITIALLY DEFERRED, "parenttileid" char(32) NULL REFERENCES "tiles" ("tileid") DEFERRABLE INITIALLY DEFERRED, "tiledata" text NULL CHECK ((JSON_VALID("tiledata") OR "tiledata" IS NULL)), "nodegroupid" char(32) NOT NULL REFERENCES "node_groups" ("nodegroupid") DEFERRABLE INITIALLY DEFERRED, "sortorder" integer NULL, "provisionaledits" text NULL CHECK ((JSON_VALID("provisionaledits") OR "provisionaledits" IS NULL))); (params None)
CREATE TABLE "values" ("valueid" char(32) NOT NULL PRIMARY KEY, "conceptid" char(32) NOT NULL REFERENCES "concepts" ("conceptid") DEFERRABLE INITIALLY DEFERRED, "valuetype" text NOT NULL REFERENCES "d_value_types" ("valuetype") DEFERRABLE INITIALLY DEFERRED, "value" text NOT NULL, "languageid" text NULL REFERENCES "languages" ("code") DEFERRABLE INITIALLY DEFERRED); (params None)
CREATE TABLE "widgets" ("widgetid" char(32) NOT NULL PRIMARY KEY, "name" text NOT NULL UNIQUE, "component" text NOT NULL UNIQUE, "defaultconfig" text NULL CHECK ((JSON_VALID("defaultconfig") OR "defaultconfig" IS NULL)), "helptext" text NULL, "datatype" text NOT NULL); (params None)
CREATE TABLE "geocoders" ("geocoderid" char(32) NOT NULL PRIMARY KEY, "name" text NOT NULL UNIQUE, "component" text NOT NULL UNIQUE, "api_key" text NULL); (params None)
CREATE TABLE "map_sources" ("id" integer NOT NULL PRIMARY KEY AUTOINCREMENT, "name" text NOT NULL UNIQUE, "source" text NULL CHECK ((JSON_VALID("source") OR "source" IS NULL))); (params None)
CREATE TABLE "map_layers" ("maplayerid" char(32) NOT NULL PRIMARY KEY, "name" text NOT NULL UNIQUE, "layerdefinitions" text NULL CHECK ((JSON_VALID("layerdefinitions") OR "layerdefinitions" IS NULL)), "isoverlay" bool NOT NULL, "activated" bool NOT NULL, "icon" text NOT NULL, "addtomap" bool NOT NULL, "centerx" real NULL, "centery" real NULL, "zoom" real NULL, "legend" text NULL, "searchonly" bool NOT NULL, "sortorder" integer NOT NULL, "ispublic" bool NOT NULL); (params None)
CREATE TABLE "graphs_x_mapping_file" ("id" char(32) NOT NULL PRIMARY KEY, "graphid" char(32) NOT NULL REFERENCES "graphs" ("graphid") DEFERRABLE INITIALLY DEFERRED, "mapping" text NOT NULL CHECK ((JSON_VALID("mapping") OR "mapping" IS NULL))); (params None)
CREATE TABLE "user_profile" ("id" integer NOT NULL PRIMARY KEY AUTOINCREMENT, "user_id" integer NOT NULL UNIQUE REFERENCES "auth_user" ("id") DEFERRABLE INITIALLY DEFERRED, "phone" varchar(16) NOT NULL, "encrypted_mfa_hash" varchar(128) NULL); (params None)
CREATE TABLE "user_x_tasks" ("id" char(32) NOT NULL PRIMARY KEY, "taskid" char(32) NULL, "status" text NULL, "datestart" datetime NULL, "datedone" datetime NULL, "name" text NULL, "user_id" integer NOT NULL REFERENCES "auth_user" ("id") DEFERRABLE INITIALLY DEFERRED); (params None)
CREATE TABLE "notification_types" ("typeid" char(32) NOT NULL PRIMARY KEY, "name" text NULL, "emailtemplate" text NULL, "emailnotify" bool NOT NULL, "webnotify" bool NOT NULL); (params None)
CREATE TABLE "notifications" ("id" char(32) NOT NULL PRIMARY KEY, "created" datetime NOT NULL, "message" text NULL, "context" text NULL CHECK ((JSON_VALID("context") OR "context" IS NULL)), "notiftype_id" char(32) NULL REFERENCES "notification_types" ("typeid") DEFERRABLE INITIALLY DEFERRED); (params None)
CREATE TABLE "user_x_notifications" ("id" char(32) NOT NULL PRIMARY KEY, "notif_id" char(32) NOT NULL REFERENCES "notifications" ("id") DEFERRABLE INITIALLY DEFERRED, "isread" bool NOT NULL, "recipient_id" integer NOT NULL REFERENCES "auth_user" ("id") DEFERRABLE INITIALLY DEFERRED); (params None)
CREATE TABLE "user_x_notification_types" ("id" char(32) NOT NULL PRIMARY KEY, "user_id" integer NOT NULL REFERENCES "auth_user" ("id") DEFERRABLE INITIALLY DEFERRED, "notiftype_id" char(32) NOT NULL REFERENCES "notification_types" ("typeid") DEFERRABLE INITIALLY DEFERRED, "emailnotify" bool NOT NULL, "webnotify" bool NOT NULL); (params None)
CREATE TABLE "map_markers" ("id" integer NOT NULL PRIMARY KEY AUTOINCREMENT, "name" text NOT NULL UNIQUE, "url" text NOT NULL); (params None)
CREATE TABLE "plugins" ("pluginid" char(32) NOT NULL PRIMARY KEY, "name" text NULL CHECK ((JSON_VALID("name") OR "name" IS NULL)), "icon" text NOT NULL, "component" text NOT NULL, "componentname" text NOT NULL, "config" text NULL CHECK ((JSON_VALID("config") OR "config" IS NULL)), "slug" text NULL UNIQUE, "sortorder" integer NULL, "helptemplate" text NULL); (params None)
CREATE TABLE "workflow_history" ("workflowid" char(32) NOT NULL PRIMARY KEY, "workflowname" varchar(255) NULL, "stepdata" text NOT NULL CHECK ((JSON_VALID("stepdata") OR "stepdata" IS NULL)), "componentdata" text NOT NULL CHECK ((JSON_VALID("componentdata") OR "componentdata" IS NULL)), "created" datetime NOT NULL, "userid" integer NULL REFERENCES "auth_user" ("id") DEFERRABLE INITIALLY DEFERRED, "completed" bool NOT NULL); (params None)
CREATE TABLE "iiif_manifests" ("id" integer NOT NULL PRIMARY KEY AUTOINCREMENT, "label" text NOT NULL, "url" text NOT NULL, "description" text NULL, "manifest" text NULL CHECK ((JSON_VALID("manifest") OR "manifest" IS NULL)), "globalid" char(32) NOT NULL UNIQUE, "transactionid" char(32) NULL); (params None)
CREATE TABLE "group_map_settings" ("id" integer NOT NULL PRIMARY KEY AUTOINCREMENT, "group_id" integer NOT NULL UNIQUE REFERENCES "auth_group" ("id") DEFERRABLE INITIALLY DEFERRED, "min_zoom" integer NOT NULL, "max_zoom" integer NOT NULL, "default_zoom" integer NOT NULL); (params None)
CREATE TABLE "geojson_geometries" ("id" integer NOT NULL PRIMARY KEY AUTOINCREMENT, "tileid" char(32) NOT NULL REFERENCES "tiles" ("tileid") DEFERRABLE INITIALLY DEFERRED, "resourceinstanceid" char(32) NOT NULL REFERENCES "resource_instances" ("resourceinstanceid") DEFERRABLE INITIALLY DEFERRED, "nodeid" char(32) NOT NULL REFERENCES "nodes" ("nodeid") DEFERRABLE INITIALLY DEFERRED, "featureid" char(32) NULL); (params None)
SELECT AddGeometryColumn('geojson_geometries', 'geom', 3857, 'GEOMETRY', 2, 1); (params ())
SELECT CreateSpatialIndex("geojson_geometries", "geom"); (params ())
CREATE TABLE "etl_modules" ("etlmoduleid" char(32) NOT NULL PRIMARY KEY, "name" text NOT NULL, "icon" text NOT NULL, "etl_type" text NOT NULL, "component" text NOT NULL, "componentname" text NOT NULL, "modulename" text NULL, "classname" text NULL, "config" text NULL CHECK ((JSON_VALID("config") OR "config" IS NULL)), "reversible" bool NOT NULL, "slug" text NULL UNIQUE, "description" text NULL, "helptemplate" text NULL, "helpsortorder" integer NULL); (params None)
CREATE TABLE "load_event" ("loadid" char(32) NOT NULL PRIMARY KEY, "user_id" integer NOT NULL REFERENCES "auth_user" ("id") DEFERRABLE INITIALLY DEFERRED, "complete" bool NOT NULL, "successful" bool NULL, "status" text NULL, "etl_module_id" char(32) NOT NULL REFERENCES "etl_modules" ("etlmoduleid") DEFERRABLE INITIALLY DEFERRED, "load_description" text NULL, "load_details" text NULL CHECK ((JSON_VALID("load_details") OR "load_details" IS NULL)), "error_message" text NULL, "load_start_time" datetime NULL, "load_end_time" datetime NULL, "indexed_time" datetime NULL, "taskid" text NULL); (params None)
CREATE TABLE "load_staging" ("id" integer NOT NULL PRIMARY KEY AUTOINCREMENT, "nodegroupid" char(32) NOT NULL REFERENCES "node_groups" ("nodegroupid") DEFERRABLE INITIALLY DEFERRED, "loadid" char(32) NOT NULL REFERENCES "load_event" ("loadid") DEFERRABLE INITIALLY DEFERRED, "value" text NULL CHECK ((JSON_VALID("value") OR "value" IS NULL)), "legacyid" text NULL, "resourceid" char(32) NULL, "tileid" char(32) NULL, "parenttileid" char(32) NULL, "passes_validation" bool NULL, "nodegroup_depth" integer NOT NULL, "source_description" text NULL, "error_message" text NULL, "operation" text NOT NULL); (params None)
CREATE TABLE "load_errors" ("id" integer NOT NULL PRIMARY KEY AUTOINCREMENT, "loadid" char(32) NOT NULL REFERENCES "load_event" ("loadid") DEFERRABLE INITIALLY DEFERRED, "nodegroupid" char(32) NULL REFERENCES "node_groups" ("nodegroupid") DEFERRABLE INITIALLY DEFERRED, "nodeid" char(32) NULL REFERENCES "nodes" ("nodeid") DEFERRABLE INITIALLY DEFERRED, "type" text NULL, "error" text NULL, "source" text NULL, "value" text NULL, "message" text NULL, "datatype" text NULL); (params None)
CREATE TABLE "spatial_views" ("spatialviewid" char(32) NOT NULL PRIMARY KEY, "schema" text NOT NULL, "slug" text NOT NULL UNIQUE, "description" text NOT NULL, "geometrynodeid" char(32) NOT NULL REFERENCES "nodes" ("nodeid") DEFERRABLE INITIALLY DEFERRED, "ismixedgeometrytypes" bool NOT NULL, "languageid" text NOT NULL REFERENCES "languages" ("code") DEFERRABLE INITIALLY DEFERRED, "attributenodes" text NOT NULL CHECK ((JSON_VALID("attributenodes") OR "attributenodes" IS NULL)), "isactive" bool NOT NULL); (params None)
CREATE UNIQUE INDEX "auth_permission_content_type_id_codename_01ab375a_uniq" ON "auth_permission" ("content_type_id", "codename"); (params ())
CREATE INDEX "auth_permission_content_type_id_2f476e4b" ON "auth_permission" ("content_type_id"); (params ())
CREATE UNIQUE INDEX "auth_group_permissions_group_id_permission_id_0cd325b0_uniq" ON "auth_group_permissions" ("group_id", "permission_id"); (params ())
CREATE INDEX "auth_group_permissions_group_id_b120cbf9" ON "auth_group_permissions" ("group_id"); (params ())
CREATE INDEX "auth_group_permissions_permission_id_84c5c92e" ON "auth_group_permissions" ("permission_id"); (params ())
CREATE UNIQUE INDEX "auth_user_groups_user_id_group_id_94350c0c_uniq" ON "auth_user_groups" ("user_id", "group_id"); (params ())
CREATE INDEX "auth_user_groups_user_id_6a12ed8b" ON "auth_user_groups" ("user_id"); (params ())
CREATE INDEX "auth_user_groups_group_id_97559544" ON "auth_user_groups" ("group_id"); (params ())
CREATE UNIQUE INDEX "auth_user_user_permissions_user_id_permission_id_14a6b632_uniq" ON "auth_user_user_permissions" ("user_id", "permission_id"); (params ())
CREATE INDEX "auth_user_user_permissions_user_id_a95ead1b" ON "auth_user_user_permissions" ("user_id"); (params ())
CREATE INDEX "auth_user_user_permissions_permission_id_1fbb5f2c" ON "auth_user_user_permissions" ("permission_id"); (params ())
CREATE UNIQUE INDEX "django_content_type_app_label_model_76bd3d3b_uniq" ON "django_content_type" ("app_label", "model"); (params ())
CREATE UNIQUE INDEX "guardian_userobjectpermission_user_id_permission_id_object_pk_b0b3d2fc_uniq" ON "guardian_userobjectpermission" ("user_id", "permission_id", "object_pk"); (params ())
CREATE INDEX "guardian_userobjectpermission_permission_id_71807bfc" ON "guardian_userobjectpermission" ("permission_id"); (params ())
CREATE INDEX "guardian_userobjectpermission_content_type_id_2e892405" ON "guardian_userobjectpermission" ("content_type_id"); (params ())
CREATE INDEX "guardian_userobjectpermission_user_id_d5c1e964" ON "guardian_userobjectpermission" ("user_id"); (params ())
CREATE INDEX "guardian_us_content_179ed2_idx" ON "guardian_userobjectpermission" ("content_type_id", "object_pk"); (params ())
CREATE UNIQUE INDEX "guardian_groupobjectpermission_group_id_permission_id_object_pk_3f189f7c_uniq" ON "guardian_groupobjectpermission" ("group_id", "permission_id", "object_pk"); (params ())
CREATE INDEX "guardian_groupobjectpermission_permission_id_36572738" ON "guardian_groupobjectpermission" ("permission_id"); (params ())
CREATE INDEX "guardian_groupobjectpermission_content_type_id_7ade36b8" ON "guardian_groupobjectpermission" ("content_type_id"); (params ())
CREATE INDEX "guardian_groupobjectpermission_group_id_4bbbfb62" ON "guardian_groupobjectpermission" ("group_id"); (params ())
CREATE INDEX "guardian_gr_content_ae6aec_idx" ON "guardian_groupobjectpermission" ("content_type_id", "object_pk"); (params ())
CREATE INDEX "oauth2_provider_application_user_id_79829054" ON "oauth2_provider_application" ("user_id"); (params ())
CREATE INDEX "oauth2_provider_application_client_secret_53133678" ON "oauth2_provider_application" ("client_secret"); (params ())
CREATE INDEX "oauth2_provider_grant_user_id_e8f62af8" ON "oauth2_provider_grant" ("user_id"); (params ())
CREATE INDEX "oauth2_provider_grant_application_id_81923564" ON "oauth2_provider_grant" ("application_id"); (params ())
CREATE INDEX "oauth2_provider_accesstoken_user_id_6e4c9a65" ON "oauth2_provider_accesstoken" ("user_id"); (params ())
CREATE INDEX "oauth2_provider_accesstoken_application_id_b22886e1" ON "oauth2_provider_accesstoken" ("application_id"); (params ())
CREATE UNIQUE INDEX "oauth2_provider_refreshtoken_token_revoked_af8a5134_uniq" ON "oauth2_provider_refreshtoken" ("token", "revoked"); (params ())
CREATE INDEX "oauth2_provider_refreshtoken_user_id_da837fce" ON "oauth2_provider_refreshtoken" ("user_id"); (params ())
CREATE INDEX "oauth2_provider_refreshtoken_application_id_2d1c311b" ON "oauth2_provider_refreshtoken" ("application_id"); (params ())
CREATE INDEX "oauth2_provider_idtoken_user_id_dd512b59" ON "oauth2_provider_idtoken" ("user_id"); (params ())
CREATE INDEX "oauth2_provider_idtoken_application_id_08c5ff4f" ON "oauth2_provider_idtoken" ("application_id"); (params ())
CREATE INDEX "cards_nodegroupid_f3aea8f1" ON "cards" ("nodegroupid"); (params ())
CREATE INDEX "cards_graphid_11d0b8c0" ON "cards" ("graphid"); (params ())
CREATE INDEX "cards_componentid_63e855fd" ON "cards" ("componentid"); (params ())
CREATE INDEX "card_constraints_cardid_7567e46e" ON "card_constraints" ("cardid"); (params ())
CREATE INDEX "constraints_x_nodes_constraintid_b6cc1696" ON "constraints_x_nodes" ("constraintid"); (params ())
CREATE INDEX "constraints_x_nodes_nodeid_68db49db" ON "constraints_x_nodes" ("nodeid"); (params ())
CREATE UNIQUE INDEX "cards_x_nodes_x_widgets_nodeid_cardid_widgetid_976dc542_uniq" ON "cards_x_nodes_x_widgets" ("nodeid", "cardid", "widgetid"); (params ())
CREATE INDEX "cards_x_nodes_x_widgets_nodeid_99bde02b" ON "cards_x_nodes_x_widgets" ("nodeid"); (params ())
CREATE INDEX "cards_x_nodes_x_widgets_cardid_a75d9ff5" ON "cards_x_nodes_x_widgets" ("cardid"); (params ())
CREATE INDEX "cards_x_nodes_x_widgets_widgetid_00b6d25d" ON "cards_x_nodes_x_widgets" ("widgetid"); (params ())
CREATE INDEX "concepts_nodetype_e99eac14" ON "concepts" ("nodetype"); (params ())
CREATE INDEX "d_data_types_defaultwidget_a59d7535" ON "d_data_types" ("defaultwidget"); (params ())
CREATE UNIQUE INDEX "edges_rangenodeid_domainnodeid_cd4b9182_uniq" ON "edges" ("rangenodeid", "domainnodeid"); (params ())
CREATE INDEX "edges_domainnodeid_53d0fb1b" ON "edges" ("domainnodeid"); (params ())
CREATE INDEX "edges_rangenodeid_55ac6ac2" ON "edges" ("rangenodeid"); (params ())
CREATE INDEX "edges_graphid_8520feb7" ON "edges" ("graphid"); (params ())
CREATE INDEX "edit_log_transac_34aa75_idx" ON "edit_log" ("transactionid"); (params ())
CREATE INDEX "edit_log_resourc_d0371e_idx" ON "edit_log" ("resourceinstanceid"); (params ())
CREATE INDEX "external_oauth_tokens_userid_2cbb5548" ON "external_oauth_tokens" ("userid"); (params ())
CREATE INDEX "files_tileid_917aee5b" ON "files" ("tileid"); (params ())
CREATE UNIQUE INDEX "functions_x_graphs_functionid_graphid_3628f538_uniq" ON "functions_x_graphs" ("functionid", "graphid"); (params ())
CREATE INDEX "functions_x_graphs_functionid_d7419266" ON "functions_x_graphs" ("functionid"); (params ())
CREATE INDEX "functions_x_graphs_graphid_36030bce" ON "functions_x_graphs" ("graphid"); (params ())
CREATE INDEX "graphs_ontologyid_2bd4ec07" ON "graphs" ("ontologyid"); (params ())
CREATE INDEX "graphs_templateid_92650c21" ON "graphs" ("templateid"); (params ())
CREATE INDEX "graphs_publicationid_6bf01f88" ON "graphs" ("publicationid"); (params ())
CREATE INDEX "graphs_x_published_graphs_graphid_3df3eef3" ON "graphs_x_published_graphs" ("graphid"); (params ())
CREATE INDEX "graphs_x_published_graphs_userid_753e343b" ON "graphs_x_published_graphs" ("userid"); (params ())
CREATE INDEX "node_groups_parentnodegroupid_6d02f42f" ON "node_groups" ("parentnodegroupid"); (params ())
CREATE INDEX "nodes_nodegroupid_30e98973" ON "nodes" ("nodegroupid"); (params ())
CREATE INDEX "nodes_graphid_32de909e" ON "nodes" ("graphid"); (params ())
CREATE INDEX "nodes_sourcebranchpublicationid_dc224e58" ON "nodes" ("sourcebranchpublicationid"); (params ())
CREATE INDEX "ontologies_parentontologyid_16217770" ON "ontologies" ("parentontologyid"); (params ())
CREATE UNIQUE INDEX "ontologyclasses_source_ontologyid_59d86abb_uniq" ON "ontologyclasses" ("source", "ontologyid"); (params ())
CREATE INDEX "ontologyclasses_ontologyid_94e1772e" ON "ontologyclasses" ("ontologyid"); (params ())
CREATE INDEX "published_graphs_languageid_103bf4b2" ON "published_graphs" ("languageid"); (params ())
CREATE INDEX "published_graphs_publicationid_db7c72b1" ON "published_graphs" ("publicationid"); (params ())
CREATE UNIQUE INDEX "relations_conceptidfrom_conceptidto_relationtype_188d70e1_uniq" ON "relations" ("conceptidfrom", "conceptidto", "relationtype"); (params ())
CREATE INDEX "relations_conceptidfrom_2364ce59" ON "relations" ("conceptidfrom"); (params ())
CREATE INDEX "relations_conceptidto_6fb05b5e" ON "relations" ("conceptidto"); (params ())
CREATE INDEX "relations_relationtype_684421c8" ON "relations" ("relationtype"); (params ())
CREATE INDEX "resource_2_resource_constraints_resourceclassfrom_fc606e16" ON "resource_2_resource_constraints" ("resourceclassfrom"); (params ())
CREATE INDEX "resource_2_resource_constraints_resourceclassto_254ad84b" ON "resource_2_resource_constraints" ("resourceclassto"); (params ())
CREATE INDEX "resource_x_resource_resourceinstanceidfrom_aa75b481" ON "resource_x_resource" ("resourceinstanceidfrom"); (params ())
CREATE INDEX "resource_x_resource_resourceinstancefrom_graphid_c5b381e0" ON "resource_x_resource" ("resourceinstancefrom_graphid"); (params ())
CREATE INDEX "resource_x_resource_resourceinstanceidto_f609e9d7" ON "resource_x_resource" ("resourceinstanceidto"); (params ())
CREATE INDEX "resource_x_resource_resourceinstanceto_graphid_59aaf393" ON "resource_x_resource" ("resourceinstanceto_graphid"); (params ())
CREATE INDEX "resource_x_resource_tileid_67038212" ON "resource_x_resource" ("tileid"); (params ())
CREATE INDEX "resource_x_resource_nodeid_6cbb8556" ON "resource_x_resource" ("nodeid"); (params ())
CREATE INDEX "resource_instances_graphid_2e37469b" ON "resource_instances" ("graphid"); (params ())
CREATE INDEX "resource_instances_graphpublicationid_c1004131" ON "resource_instances" ("graphpublicationid"); (params ())
CREATE INDEX "resource_instances_principaluser_id_31fccf4d" ON "resource_instances" ("principaluser_id"); (params ())
CREATE INDEX "search_export_history_user_id_538f79ac" ON "search_export_history" ("user_id"); (params ())
CREATE INDEX "tiles_resourceinstanceid_e41126e6" ON "tiles" ("resourceinstanceid"); (params ())
CREATE INDEX "tiles_parenttileid_b85c3d9c" ON "tiles" ("parenttileid"); (params ())
CREATE INDEX "tiles_nodegroupid_73db635e" ON "tiles" ("nodegroupid"); (params ())
CREATE INDEX "values_conceptid_c144dda1" ON "values" ("conceptid"); (params ())
CREATE INDEX "values_valuetype_0d546960" ON "values" ("valuetype"); (params ())
CREATE INDEX "values_languageid_14bf08a2" ON "values" ("languageid"); (params ())
CREATE INDEX "graphs_x_mapping_file_graphid_9ba72196" ON "graphs_x_mapping_file" ("graphid"); (params ())
CREATE INDEX "user_x_tasks_user_id_f1fa0c11" ON "user_x_tasks" ("user_id"); (params ())
CREATE INDEX "notifications_notiftype_id_62e87563" ON "notifications" ("notiftype_id"); (params ())
CREATE INDEX "user_x_notifications_notif_id_04adfe48" ON "user_x_notifications" ("notif_id"); (params ())
CREATE INDEX "user_x_notifications_recipient_id_b8f099a5" ON "user_x_notifications" ("recipient_id"); (params ())
CREATE INDEX "user_x_notification_types_user_id_b213a7e5" ON "user_x_notification_types" ("user_id"); (params ())
CREATE INDEX "user_x_notification_types_notiftype_id_48242fce" ON "user_x_notification_types" ("notiftype_id"); (params ())
CREATE INDEX "workflow_history_userid_66874adb" ON "workflow_history" ("userid"); (params ())
CREATE INDEX "geojson_geometries_tileid_eecb6036" ON "geojson_geometries" ("tileid"); (params ())
CREATE INDEX "geojson_geometries_resourceinstanceid_70e052b2" ON "geojson_geometries" ("resourceinstanceid"); (params ())
CREATE INDEX "geojson_geometries_nodeid_0944dbdd" ON "geojson_geometries" ("nodeid"); (params ())
CREATE INDEX "load_event_user_id_faa51165" ON "load_event" ("user_id"); (params ())
CREATE INDEX "load_event_etl_module_id_39c67e6e" ON "load_event" ("etl_module_id"); (params ())
CREATE INDEX "load_staging_nodegroupid_9cbbf6e1" ON "load_staging" ("nodegroupid"); (params ())
CREATE INDEX "load_staging_loadid_8290cc46" ON "load_staging" ("loadid"); (params ())
CREATE INDEX "load_errors_loadid_fc491ee4" ON "load_errors" ("loadid"); (params ())
CREATE INDEX "load_errors_nodegroupid_a8724e34" ON "load_errors" ("nodegroupid"); (params ())
CREATE INDEX "load_errors_nodeid_65f2dc6e" ON "load_errors" ("nodeid"); (params ())
CREATE INDEX "spatial_views_geometrynodeid_65899751" ON "spatial_views" ("geometrynodeid"); (params ())
CREATE INDEX "spatial_views_languageid_e5762db7" ON "spatial_views" ("languageid"); (params ())
